Using pre-set license
Built from '2022.3/staging' branch; Version is '2022.3.33f1 (b2c853adf198) revision 11716691'; Using compiler version '192829333'; Build Type 'Release'
OS: 'Windows 11  (10.0.22631) 64bit ProfessionalWorkstation' Language: 'ko' Physical Memory: 16002 MB
BatchMode: 1, IsHumanControllingUs: 0, StartBugReporterOnCrash: 0, Is64bit: 1, IsPro: 1

COMMAND LINE ARGUMENTS:
C:\Program Files\Unity\Hub\Editor\2022.3.33f1\Editor\Unity.exe
-adb2
-batchMode
-noUpm
-name
AssetImportWorker11
-projectPath
C:/Users/KETI/Documents/GitHub/idt-metaverse/idt-metaverse
-logFile
Logs/AssetImportWorker11.log
-srvPort
63128
Successfully changed project path to: C:/Users/KETI/Documents/GitHub/idt-metaverse/idt-metaverse
C:/Users/KETI/Documents/GitHub/idt-metaverse/idt-metaverse
[UnityMemory] Configuration Parameters - Can be set up in boot.config
    "memorysetup-bucket-allocator-granularity=16"
    "memorysetup-bucket-allocator-bucket-count=8"
    "memorysetup-bucket-allocator-block-size=33554432"
    "memorysetup-bucket-allocator-block-count=8"
    "memorysetup-main-allocator-block-size=16777216"
    "memorysetup-thread-allocator-block-size=16777216"
    "memorysetup-gfx-main-allocator-block-size=16777216"
    "memorysetup-gfx-thread-allocator-block-size=16777216"
    "memorysetup-cache-allocator-block-size=4194304"
    "memorysetup-typetree-allocator-block-size=2097152"
    "memorysetup-profiler-bucket-allocator-granularity=16"
    "memorysetup-profiler-bucket-allocator-bucket-count=8"
    "memorysetup-profiler-bucket-allocator-block-size=33554432"
    "memorysetup-profiler-bucket-allocator-block-count=8"
    "memorysetup-profiler-allocator-block-size=16777216"
    "memorysetup-profiler-editor-allocator-block-size=1048576"
    "memorysetup-temp-allocator-size-main=16777216"
    "memorysetup-job-temp-allocator-block-size=2097152"
    "memorysetup-job-temp-allocator-block-size-background=1048576"
    "memorysetup-job-temp-allocator-reduction-small-platforms=262144"
    "memorysetup-allocator-temp-initial-block-size-main=262144"
    "memorysetup-allocator-temp-initial-block-size-worker=262144"
    "memorysetup-temp-allocator-size-background-worker=32768"
    "memorysetup-temp-allocator-size-job-worker=262144"
    "memorysetup-temp-allocator-size-preload-manager=33554432"
    "memorysetup-temp-allocator-size-nav-mesh-worker=65536"
    "memorysetup-temp-allocator-size-audio-worker=65536"
    "memorysetup-temp-allocator-size-cloud-worker=32768"
    "memorysetup-temp-allocator-size-gi-baking-worker=262144"
    "memorysetup-temp-allocator-size-gfx=262144"
Player connection [21804] Host "[IP] 172.21.50.122 [Port] 0 [Flags] 2 [Guid] 1447404948 [EditorId] 1447404948 [Version] 1048832 [Id] WindowsEditor(7,이지현-P920) [Debug] 1 [PackageName] WindowsEditor [ProjectName] Editor" joined multi-casting on [225.0.0.222:54997]...

Player connection [21804] Host "[IP] 172.21.50.122 [Port] 0 [Flags] 2 [Guid] 1447404948 [EditorId] 1447404948 [Version] 1048832 [Id] WindowsEditor(7,이지현-P920) [Debug] 1 [PackageName] WindowsEditor [ProjectName] Editor" joined alternative multi-casting on [225.0.0.222:34997]...

[PhysX] Initialized MultithreadedTaskDispatcher with 20 workers.
Refreshing native plugins compatible for Editor in 15.65 ms, found 4 plugins.
Preloading 0 native plugins for Editor in 0.00 ms.
Initialize engine version: 2022.3.33f1 (b2c853adf198)
[Subsystems] Discovering subsystems at path C:/Program Files/Unity/Hub/Editor/2022.3.33f1/Editor/Data/Resources/UnitySubsystems
[Subsystems] Discovering subsystems at path C:/Users/KETI/Documents/GitHub/idt-metaverse/idt-metaverse/Assets
GfxDevice: creating device client; threaded=0; jobified=0
Direct3D:
    Version:  Direct3D 11.0 [level 11.1]
    Renderer: NVIDIA Quadro RTX 4000 (ID=0x1eb1)
    Vendor:   NVIDIA
    VRAM:     8009 MB
    Driver:   31.0.15.3799
Initialize mono
Mono path[0] = 'C:/Program Files/Unity/Hub/Editor/2022.3.33f1/Editor/Data/Managed'
Mono path[1] = 'C:/Program Files/Unity/Hub/Editor/2022.3.33f1/Editor/Data/MonoBleedingEdge/lib/mono/unityjit-win32'
Mono config path = 'C:/Program Files/Unity/Hub/Editor/2022.3.33f1/Editor/Data/MonoBleedingEdge/etc'
Using monoOptions --debugger-agent=transport=dt_socket,embedding=1,server=y,suspend=n,address=127.0.0.1:56236
Begin MonoManager ReloadAssembly
Registering precompiled unity dll's ...
Register platform support module: C:/Program Files/Unity/Hub/Editor/2022.3.33f1/Editor/Data/PlaybackEngines/WebGLSupport/UnityEditor.WebGL.Extensions.dll
Register platform support module: C:/Program Files/Unity/Hub/Editor/2022.3.33f1/Editor/Data/PlaybackEngines/WindowsStandaloneSupport/UnityEditor.WindowsStandalone.Extensions.dll
Registered in 0.008953 seconds.
- Loaded All Assemblies, in  0.787 seconds
Native extension for WindowsStandalone target not found
Native extension for WebGL target not found
Mono: successfully reloaded assembly
- Finished resetting the current domain, in  0.398 seconds
Domain Reload Profiling: 1183ms
	BeginReloadAssembly (298ms)
		ExecutionOrderSort (0ms)
		DisableScriptedObjects (0ms)
		BackupInstance (0ms)
		ReleaseScriptingObjects (0ms)
		CreateAndSetChildDomain (1ms)
	RebuildCommonClasses (60ms)
	RebuildNativeTypeToScriptingClass (18ms)
	initialDomainReloadingComplete (87ms)
	LoadAllAssembliesAndSetupDomain (322ms)
		LoadAssemblies (296ms)
		RebuildTransferFunctionScriptingTraits (0ms)
		AnalyzeDomain (318ms)
			TypeCache.Refresh (316ms)
				TypeCache.ScanAssembly (284ms)
			ScanForSourceGeneratedMonoScriptInfo (1ms)
			ResolveRequiredComponents (1ms)
	FinalizeReload (398ms)
		ReleaseScriptCaches (0ms)
		RebuildScriptCaches (0ms)
		SetupLoadedEditorAssemblies (314ms)
			LogAssemblyErrors (0ms)
			InitializePlatformSupportModulesInManaged (13ms)
			SetLoadedEditorAssemblies (8ms)
			RefreshPlugins (0ms)
			BeforeProcessingInitializeOnLoad (3ms)
			ProcessInitializeOnLoadAttributes (214ms)
			ProcessInitializeOnLoadMethodAttributes (75ms)
			AfterProcessingInitializeOnLoad (0ms)
			EditorAssembliesLoaded (0ms)
		ExecutionOrderSort2 (0ms)
		AwakeInstancesAfterBackupRestoration (0ms)
========================================================================
Worker process is ready to serve import requests
Begin MonoManager ReloadAssembly
- Loaded All Assemblies, in  1.009 seconds
Refreshing native plugins compatible for Editor in 6.10 ms, found 4 plugins.
Native extension for WindowsStandalone target not found
Native extension for WebGL target not found
Package Manager log level set to [2]
[Package Manager] Server::EnsureServerProcessIsRunning -- launch failed, reason: Unity was launched with the -noUpm command-line argument
[Package Manager] UpmClient::Send -- Unable to send message (not connected to UPM process).
[Package Manager] Cannot connect to Unity Package Manager local server
Mono: successfully reloaded assembly
- Finished resetting the current domain, in  0.913 seconds
Domain Reload Profiling: 1919ms
	BeginReloadAssembly (213ms)
		ExecutionOrderSort (0ms)
		DisableScriptedObjects (8ms)
		BackupInstance (0ms)
		ReleaseScriptingObjects (0ms)
		CreateAndSetChildDomain (32ms)
	RebuildCommonClasses (48ms)
	RebuildNativeTypeToScriptingClass (18ms)
	initialDomainReloadingComplete (42ms)
	LoadAllAssembliesAndSetupDomain (685ms)
		LoadAssemblies (449ms)
		RebuildTransferFunctionScriptingTraits (0ms)
		AnalyzeDomain (358ms)
			TypeCache.Refresh (322ms)
				TypeCache.ScanAssembly (290ms)
			ScanForSourceGeneratedMonoScriptInfo (24ms)
			ResolveRequiredComponents (10ms)
	FinalizeReload (913ms)
		ReleaseScriptCaches (0ms)
		RebuildScriptCaches (0ms)
		SetupLoadedEditorAssemblies (677ms)
			LogAssemblyErrors (0ms)
			InitializePlatformSupportModulesInManaged (10ms)
			SetLoadedEditorAssemblies (7ms)
			RefreshPlugins (0ms)
			BeforeProcessingInitializeOnLoad (93ms)
			ProcessInitializeOnLoadAttributes (523ms)
			ProcessInitializeOnLoadMethodAttributes (34ms)
			AfterProcessingInitializeOnLoad (8ms)
			EditorAssembliesLoaded (0ms)
		ExecutionOrderSort2 (0ms)
		AwakeInstancesAfterBackupRestoration (8ms)
Launched and connected shader compiler UnityShaderCompiler.exe after 0.09 seconds
Refreshing native plugins compatible for Editor in 8.89 ms, found 4 plugins.
Preloading 0 native plugins for Editor in 0.00 ms.
Unloading 3473 Unused Serialized files (Serialized files now loaded: 0)
Unloading 57 unused Assets / (134.9 KB). Loaded Objects now: 3948.
Memory consumption went from 144.5 MB to 144.4 MB.
Total: 6.670400 ms (FindLiveObjects: 0.477000 ms CreateObjectMapping: 0.252000 ms MarkObjects: 5.738700 ms  DeleteObjects: 0.200500 ms)

AssetImportParameters requested are different than current active one (requested -> active):
  custom:container-demuxer-ogg: 62fdf1f143b41e24485cea50d1cbac27 -> 
  custom:video-decoder-ogg-theora: a1e56fd34408186e4bbccfd4996cb3dc -> 
  custom:framework-win-MediaFoundation: 216162199b28c13a410421893ffa2e32 -> 
  custom:CustomObjectIndexerAttribute: 9a22284fe3817be447336de3de66b15e -> 
  custom:container-demuxer-webm: 4f35f7cbe854078d1ac9338744f61a02 -> 
  custom:container-muxer-webm: aa71ff27fc2769a1b78a27578f13a17b -> 
  custom:video-decoder-webm-vp8: 9c59270c3fd7afecdb556c50c9e8de78 -> 
  custom:SearchIndexIgnoredProperties: e643bd26f0fe6173181afceb89e7c659 -> 
  custom:AudioImporter_EditorPlatform: d09bf68614088b80899f8185d706f6e7 -> 
  custom:video-encoder-webm-vp8: eb34c28f22e8b96e1ab97ce403110664 -> 
  custom:audio-decoder-ogg-vorbis: bf7c407c2cedff20999df2af8eb42d56 -> 
  custom:audio-encoder-webm-vorbis: bf7c407c2cedff20999df2af8eb42d56 -> 
========================================================================
Received Import Request.
  Time since last request: 349049.371305 seconds.
  path: Assets/DownloadAssets/CaptainCatSparrow/PBR_Materials/500_Materials/Textures/Wood/Materials
  artifactKey: Guid(4ab6ee340b01dfb489307429f888a65b) Importer(815301076,1909f56bfc062723c751e8b465ee728b)
Start importing Assets/DownloadAssets/CaptainCatSparrow/PBR_Materials/500_Materials/Textures/Wood/Materials using Guid(4ab6ee340b01dfb489307429f888a65b) Importer(815301076,1909f56bfc062723c751e8b465ee728b) [PhysX] Initialized MultithreadedTaskDispatcher with 20 workers.
 -> (artifact id: '9d1c9fdde72139be1bf3a4c9c92455fb') in 0.003195 seconds
Number of updated asset objects reloaded before import = 0
Number of asset objects unloaded after import = 0
========================================================================
Received Import Request.
  Time since last request: 0.096299 seconds.
  path: Assets/DownloadAssets/CaptainCatSparrow/PBR_Materials/500_Materials/Textures/Wood/Materials/Wood_1_Height.mat
  artifactKey: Guid(e4c80f2548a2e024887d046b4fd016f6) Importer(815301076,1909f56bfc062723c751e8b465ee728b)
Start importing Assets/DownloadAssets/CaptainCatSparrow/PBR_Materials/500_Materials/Textures/Wood/Materials/Wood_1_Height.mat using Guid(e4c80f2548a2e024887d046b4fd016f6) Importer(815301076,1909f56bfc062723c751e8b465ee728b) [PhysX] Initialized MultithreadedTaskDispatcher with 20 workers.
[PhysX] Initialized MultithreadedTaskDispatcher with 20 workers.
 -> (artifact id: '9e2a91cf729b9592fc299b9909444b9b') in 0.187121 seconds
Number of updated asset objects reloaded before import = 0
Number of asset objects unloaded after import = 2
========================================================================
Received Import Request.
  Time since last request: 700.804637 seconds.
  path: Assets/DownloadAssets/CaptainCatSparrow/PBR_Materials/500_Materials/Textures/Cloth/Cloth_1_Albedo.png
  artifactKey: Guid(e4a96067f344454488ca98723c4a77e4) Importer(815301076,1909f56bfc062723c751e8b465ee728b)
Start importing Assets/DownloadAssets/CaptainCatSparrow/PBR_Materials/500_Materials/Textures/Cloth/Cloth_1_Albedo.png using Guid(e4a96067f344454488ca98723c4a77e4) Importer(815301076,1909f56bfc062723c751e8b465ee728b) [PhysX] Initialized MultithreadedTaskDispatcher with 20 workers.
[PhysX] Initialized MultithreadedTaskDispatcher with 20 workers.
 -> (artifact id: '76da5d7d7fd60f7e258065b2a7103d2c') in 0.062741 seconds
Number of updated asset objects reloaded before import = 0
Number of asset objects unloaded after import = 2
========================================================================
Received Import Request.
  Time since last request: 0.006926 seconds.
  path: Assets/DownloadAssets/CaptainCatSparrow/PBR_Materials/500_Materials/Textures/Cloth/Cloth_2_Height.png
  artifactKey: Guid(849423a998cc54f4388079ccf201df37) Importer(815301076,1909f56bfc062723c751e8b465ee728b)
Start importing Assets/DownloadAssets/CaptainCatSparrow/PBR_Materials/500_Materials/Textures/Cloth/Cloth_2_Height.png using Guid(849423a998cc54f4388079ccf201df37) Importer(815301076,1909f56bfc062723c751e8b465ee728b) [PhysX] Initialized MultithreadedTaskDispatcher with 20 workers.
[PhysX] Initialized MultithreadedTaskDispatcher with 20 workers.
 -> (artifact id: 'a6c3c3329ee4a2ddf49504c7b5753be7') in 0.024392 seconds
Number of updated asset objects reloaded before import = 0
Number of asset objects unloaded after import = 2
========================================================================
Received Import Request.
  Time since last request: 0.000034 seconds.
  path: Assets/DownloadAssets/CaptainCatSparrow/PBR_Materials/500_Materials/Textures/Cloth/Cloth_1_Occlusion.png
  artifactKey: Guid(8544c63c7de50384a8ee862964e8c826) Importer(815301076,1909f56bfc062723c751e8b465ee728b)
Start importing Assets/DownloadAssets/CaptainCatSparrow/PBR_Materials/500_Materials/Textures/Cloth/Cloth_1_Occlusion.png using Guid(8544c63c7de50384a8ee862964e8c826) Importer(815301076,1909f56bfc062723c751e8b465ee728b) [PhysX] Initialized MultithreadedTaskDispatcher with 20 workers.
[PhysX] Initialized MultithreadedTaskDispatcher with 20 workers.
 -> (artifact id: '5151e0cd0f8f23f726dded8f5ed72736') in 0.026655 seconds
Number of updated asset objects reloaded before import = 0
Number of asset objects unloaded after import = 2
========================================================================
Received Import Request.
  Time since last request: 0.003654 seconds.
  path: Assets/DownloadAssets/CaptainCatSparrow/PBR_Materials/500_Materials/Textures/Cloth/Cloth_2_Metallic.png
  artifactKey: Guid(354997b2b87ffe447af435146af28a24) Importer(815301076,1909f56bfc062723c751e8b465ee728b)
Start importing Assets/DownloadAssets/CaptainCatSparrow/PBR_Materials/500_Materials/Textures/Cloth/Cloth_2_Metallic.png using Guid(354997b2b87ffe447af435146af28a24) Importer(815301076,1909f56bfc062723c751e8b465ee728b) [PhysX] Initialized MultithreadedTaskDispatcher with 20 workers.
[PhysX] Initialized MultithreadedTaskDispatcher with 20 workers.
 -> (artifact id: '3859ea91ed05a104276de23e7e8f92c2') in 0.025554 seconds
Number of updated asset objects reloaded before import = 0
Number of asset objects unloaded after import = 2
========================================================================
Received Import Request.
  Time since last request: 0.000179 seconds.
  path: Assets/DownloadAssets/CaptainCatSparrow/PBR_Materials/500_Materials/Textures/Cloth/Cloth_3_Metallic.png
  artifactKey: Guid(57831b331af41334bb1134b0797608ba) Importer(815301076,1909f56bfc062723c751e8b465ee728b)
Start importing Assets/DownloadAssets/CaptainCatSparrow/PBR_Materials/500_Materials/Textures/Cloth/Cloth_3_Metallic.png using Guid(57831b331af41334bb1134b0797608ba) Importer(815301076,1909f56bfc062723c751e8b465ee728b) [PhysX] Initialized MultithreadedTaskDispatcher with 20 workers.
[PhysX] Initialized MultithreadedTaskDispatcher with 20 workers.
 -> (artifact id: 'b7e18e77c7c88b43496b6251d6e402f6') in 0.018835 seconds
Number of updated asset objects reloaded before import = 0
Number of asset objects unloaded after import = 2
========================================================================
Received Import Request.
  Time since last request: 0.000040 seconds.
  path: Assets/DownloadAssets/CaptainCatSparrow/PBR_Materials/500_Materials/Textures/Cloth/Cloth_3_Height.png
  artifactKey: Guid(4e2066f40760ea14682e961b27f88585) Importer(815301076,1909f56bfc062723c751e8b465ee728b)
Start importing Assets/DownloadAssets/CaptainCatSparrow/PBR_Materials/500_Materials/Textures/Cloth/Cloth_3_Height.png using Guid(4e2066f40760ea14682e961b27f88585) Importer(815301076,1909f56bfc062723c751e8b465ee728b) [PhysX] Initialized MultithreadedTaskDispatcher with 20 workers.
[PhysX] Initialized MultithreadedTaskDispatcher with 20 workers.
 -> (artifact id: '1d0afa198be0084958ec2bcc038d81ad') in 0.035826 seconds
Number of updated asset objects reloaded before import = 0
Number of asset objects unloaded after import = 2
========================================================================
Received Import Request.
  Time since last request: 0.000029 seconds.
  path: Assets/DownloadAssets/CaptainCatSparrow/PBR_Materials/500_Materials/Textures/Cloth/Cloth_3_Occlusion.png
  artifactKey: Guid(c9d27d2b7ecc97c4990411ba1b4d982f) Importer(815301076,1909f56bfc062723c751e8b465ee728b)
Start importing Assets/DownloadAssets/CaptainCatSparrow/PBR_Materials/500_Materials/Textures/Cloth/Cloth_3_Occlusion.png using Guid(c9d27d2b7ecc97c4990411ba1b4d982f) Importer(815301076,1909f56bfc062723c751e8b465ee728b) [PhysX] Initialized MultithreadedTaskDispatcher with 20 workers.
[PhysX] Initialized MultithreadedTaskDispatcher with 20 workers.
 -> (artifact id: '7b8a9ff38497092a286b2fd614ca876e') in 0.174639 seconds
Number of updated asset objects reloaded before import = 0
Number of asset objects unloaded after import = 2
========================================================================
Received Import Request.
  Time since last request: 0.000031 seconds.
  path: Assets/DownloadAssets/CaptainCatSparrow/PBR_Materials/500_Materials/Textures/Cloth/Cloth_2_Occlusion.png
  artifactKey: Guid(03140997cf3e245419e63bf76d3fe3cf) Importer(815301076,1909f56bfc062723c751e8b465ee728b)
Start importing Assets/DownloadAssets/CaptainCatSparrow/PBR_Materials/500_Materials/Textures/Cloth/Cloth_2_Occlusion.png using Guid(03140997cf3e245419e63bf76d3fe3cf) Importer(815301076,1909f56bfc062723c751e8b465ee728b) [PhysX] Initialized MultithreadedTaskDispatcher with 20 workers.
[PhysX] Initialized MultithreadedTaskDispatcher with 20 workers.
 -> (artifact id: '7ddd63b45927304003661640b8939801') in 0.074375 seconds
Number of updated asset objects reloaded before import = 0
Number of asset objects unloaded after import = 2
========================================================================
Received Import Request.
  Time since last request: 0.000043 seconds.
  path: Assets/DownloadAssets/CaptainCatSparrow/PBR_Materials/500_Materials/Textures/Cloth/Cloth_1_Normal.png
  artifactKey: Guid(580b9aa7aa412ee4992c35c3a6237d55) Importer(815301076,1909f56bfc062723c751e8b465ee728b)
Start importing Assets/DownloadAssets/CaptainCatSparrow/PBR_Materials/500_Materials/Textures/Cloth/Cloth_1_Normal.png using Guid(580b9aa7aa412ee4992c35c3a6237d55) Importer(815301076,1909f56bfc062723c751e8b465ee728b) [PhysX] Initialized MultithreadedTaskDispatcher with 20 workers.
[PhysX] Initialized MultithreadedTaskDispatcher with 20 workers.
 -> (artifact id: '06b09c44fc3fb679573492b2bfac1cac') in 0.032087 seconds
Number of updated asset objects reloaded before import = 0
Number of asset objects unloaded after import = 2
========================================================================
Received Import Request.
  Time since last request: 1.831444 seconds.
  path: Assets/DownloadAssets/CaptainCatSparrow/PBR_Materials/500_Materials/Textures/Panel/Panel_1_Albedo.png
  artifactKey: Guid(a5661d8517db62d47929b5305597ae9d) Importer(815301076,1909f56bfc062723c751e8b465ee728b)
Start importing Assets/DownloadAssets/CaptainCatSparrow/PBR_Materials/500_Materials/Textures/Panel/Panel_1_Albedo.png using Guid(a5661d8517db62d47929b5305597ae9d) Importer(815301076,1909f56bfc062723c751e8b465ee728b) [PhysX] Initialized MultithreadedTaskDispatcher with 20 workers.
[PhysX] Initialized MultithreadedTaskDispatcher with 20 workers.
 -> (artifact id: '00d1cc3deda506e8907a2f460ad073c4') in 0.022827 seconds
Number of updated asset objects reloaded before import = 0
Number of asset objects unloaded after import = 2
========================================================================
Received Import Request.
  Time since last request: 0.000029 seconds.
  path: Assets/DownloadAssets/CaptainCatSparrow/PBR_Materials/500_Materials/Textures/Panel/Panel_1_Metallic.png
  artifactKey: Guid(952919a052fbb214d968dae8bdeae96f) Importer(815301076,1909f56bfc062723c751e8b465ee728b)
Start importing Assets/DownloadAssets/CaptainCatSparrow/PBR_Materials/500_Materials/Textures/Panel/Panel_1_Metallic.png using Guid(952919a052fbb214d968dae8bdeae96f) Importer(815301076,1909f56bfc062723c751e8b465ee728b) [PhysX] Initialized MultithreadedTaskDispatcher with 20 workers.
[PhysX] Initialized MultithreadedTaskDispatcher with 20 workers.
 -> (artifact id: '07719a5925467f92c5f8ee95c44789fd') in 0.016145 seconds
Number of updated asset objects reloaded before import = 0
Number of asset objects unloaded after import = 2
========================================================================
Received Import Request.
  Time since last request: 0.000028 seconds.
  path: Assets/DownloadAssets/CaptainCatSparrow/PBR_Materials/500_Materials/Textures/Panel/Panel_1_Occlusion.png
  artifactKey: Guid(7ce8be494afe54041b5ef4c39b2adf17) Importer(815301076,1909f56bfc062723c751e8b465ee728b)
Start importing Assets/DownloadAssets/CaptainCatSparrow/PBR_Materials/500_Materials/Textures/Panel/Panel_1_Occlusion.png using Guid(7ce8be494afe54041b5ef4c39b2adf17) Importer(815301076,1909f56bfc062723c751e8b465ee728b) [PhysX] Initialized MultithreadedTaskDispatcher with 20 workers.
[PhysX] Initialized MultithreadedTaskDispatcher with 20 workers.
 -> (artifact id: 'bee9965c21dd49e6f0dda00c0a60c9a9') in 0.022007 seconds
Number of updated asset objects reloaded before import = 0
Number of asset objects unloaded after import = 2
========================================================================
Received Import Request.
  Time since last request: 0.000039 seconds.
  path: Assets/DownloadAssets/CaptainCatSparrow/PBR_Materials/500_Materials/Textures/Panel/Panel_2_Albedo.png
  artifactKey: Guid(16e00d1f068c2c44a86edfe13387c761) Importer(815301076,1909f56bfc062723c751e8b465ee728b)
Start importing Assets/DownloadAssets/CaptainCatSparrow/PBR_Materials/500_Materials/Textures/Panel/Panel_2_Albedo.png using Guid(16e00d1f068c2c44a86edfe13387c761) Importer(815301076,1909f56bfc062723c751e8b465ee728b) [PhysX] Initialized MultithreadedTaskDispatcher with 20 workers.
[PhysX] Initialized MultithreadedTaskDispatcher with 20 workers.
 -> (artifact id: '7b9aee07f735175de3120eb91ff6f919') in 0.021721 seconds
Number of updated asset objects reloaded before import = 0
Number of asset objects unloaded after import = 2
========================================================================
Received Import Request.
  Time since last request: 0.000037 seconds.
  path: Assets/DownloadAssets/CaptainCatSparrow/PBR_Materials/500_Materials/Textures/Panel/Panel_2_Occlusion.png
  artifactKey: Guid(d4254e09ad7c1b24e96190e286a9a5ec) Importer(815301076,1909f56bfc062723c751e8b465ee728b)
Start importing Assets/DownloadAssets/CaptainCatSparrow/PBR_Materials/500_Materials/Textures/Panel/Panel_2_Occlusion.png using Guid(d4254e09ad7c1b24e96190e286a9a5ec) Importer(815301076,1909f56bfc062723c751e8b465ee728b) [PhysX] Initialized MultithreadedTaskDispatcher with 20 workers.
[PhysX] Initialized MultithreadedTaskDispatcher with 20 workers.
 -> (artifact id: 'b438447604ffb6b947e93e77cda8da1d') in 0.020946 seconds
Number of updated asset objects reloaded before import = 0
Number of asset objects unloaded after import = 2
========================================================================
Received Import Request.
  Time since last request: 3.012463 seconds.
  path: Assets/DownloadAssets/CaptainCatSparrow/PBR_Materials/500_Materials/Textures/Floor/Floor_1_Height.png
  artifactKey: Guid(558c0720022b2f94d8ea5e8384f63ae6) Importer(815301076,1909f56bfc062723c751e8b465ee728b)
Start importing Assets/DownloadAssets/CaptainCatSparrow/PBR_Materials/500_Materials/Textures/Floor/Floor_1_Height.png using Guid(558c0720022b2f94d8ea5e8384f63ae6) Importer(815301076,1909f56bfc062723c751e8b465ee728b) [PhysX] Initialized MultithreadedTaskDispatcher with 20 workers.
[PhysX] Initialized MultithreadedTaskDispatcher with 20 workers.
 -> (artifact id: '699680cc9788a0a74cd5ff1c317bc5be') in 0.022756 seconds
Number of updated asset objects reloaded before import = 0
Number of asset objects unloaded after import = 2
========================================================================
Received Import Request.
  Time since last request: 0.001487 seconds.
  path: Assets/DownloadAssets/CaptainCatSparrow/PBR_Materials/500_Materials/Textures/Floor/Floor_1_Occlusion.png
  artifactKey: Guid(b8f4b729803603f44a7770ab77744c36) Importer(815301076,1909f56bfc062723c751e8b465ee728b)
Start importing Assets/DownloadAssets/CaptainCatSparrow/PBR_Materials/500_Materials/Textures/Floor/Floor_1_Occlusion.png using Guid(b8f4b729803603f44a7770ab77744c36) Importer(815301076,1909f56bfc062723c751e8b465ee728b) [PhysX] Initialized MultithreadedTaskDispatcher with 20 workers.
[PhysX] Initialized MultithreadedTaskDispatcher with 20 workers.
 -> (artifact id: 'ca9f9e27051776374dd217059984f58d') in 0.025455 seconds
Number of updated asset objects reloaded before import = 0
Number of asset objects unloaded after import = 2
========================================================================
Received Import Request.
  Time since last request: 0.001754 seconds.
  path: Assets/DownloadAssets/CaptainCatSparrow/PBR_Materials/500_Materials/Textures/Floor/Floor_2_Metallic.png
  artifactKey: Guid(91790b0fa79542a49b8ea102bbe00034) Importer(815301076,1909f56bfc062723c751e8b465ee728b)
Start importing Assets/DownloadAssets/CaptainCatSparrow/PBR_Materials/500_Materials/Textures/Floor/Floor_2_Metallic.png using Guid(91790b0fa79542a49b8ea102bbe00034) Importer(815301076,1909f56bfc062723c751e8b465ee728b) [PhysX] Initialized MultithreadedTaskDispatcher with 20 workers.
[PhysX] Initialized MultithreadedTaskDispatcher with 20 workers.
 -> (artifact id: '46bbaee5feaf02f1e5be18ba2b0244b3') in 0.018650 seconds
Number of updated asset objects reloaded before import = 0
Number of asset objects unloaded after import = 2
========================================================================
Received Import Request.
  Time since last request: 0.001520 seconds.
  path: Assets/DownloadAssets/CaptainCatSparrow/PBR_Materials/500_Materials/Textures/Floor/Floor_2_Occlusion.png
  artifactKey: Guid(26620fe5c45084947ab2df26b24a607c) Importer(815301076,1909f56bfc062723c751e8b465ee728b)
Start importing Assets/DownloadAssets/CaptainCatSparrow/PBR_Materials/500_Materials/Textures/Floor/Floor_2_Occlusion.png using Guid(26620fe5c45084947ab2df26b24a607c) Importer(815301076,1909f56bfc062723c751e8b465ee728b) [PhysX] Initialized MultithreadedTaskDispatcher with 20 workers.
[PhysX] Initialized MultithreadedTaskDispatcher with 20 workers.
 -> (artifact id: 'd059cf5e379af38c67ee04c707729862') in 0.022430 seconds
Number of updated asset objects reloaded before import = 0
Number of asset objects unloaded after import = 2
========================================================================
Received Import Request.
  Time since last request: 0.005727 seconds.
  path: Assets/DownloadAssets/CaptainCatSparrow/PBR_Materials/500_Materials/Textures/Floor/Floor_3_Metallic.png
  artifactKey: Guid(a81c6fc5e11cc994e861e836c9baf5e2) Importer(815301076,1909f56bfc062723c751e8b465ee728b)
Start importing Assets/DownloadAssets/CaptainCatSparrow/PBR_Materials/500_Materials/Textures/Floor/Floor_3_Metallic.png using Guid(a81c6fc5e11cc994e861e836c9baf5e2) Importer(815301076,1909f56bfc062723c751e8b465ee728b) [PhysX] Initialized MultithreadedTaskDispatcher with 20 workers.
[PhysX] Initialized MultithreadedTaskDispatcher with 20 workers.
 -> (artifact id: '3ed713ae495212638b59e393a6fa6016') in 0.015315 seconds
Number of updated asset objects reloaded before import = 0
Number of asset objects unloaded after import = 2
========================================================================
Received Import Request.
  Time since last request: 55.252899 seconds.
  path: Assets/Resources/Storages/Table1.obj
  artifactKey: Guid(85ea3ca98566a1b468f55c5bbaa468c4) Importer(815301076,1909f56bfc062723c751e8b465ee728b)
Start importing Assets/Resources/Storages/Table1.obj using Guid(85ea3ca98566a1b468f55c5bbaa468c4) Importer(815301076,1909f56bfc062723c751e8b465ee728b) [PhysX] Initialized MultithreadedTaskDispatcher with 20 workers.
[PhysX] Initialized MultithreadedTaskDispatcher with 20 workers.
[PhysX] Initialized MultithreadedTaskDispatcher with 20 workers.
[PhysX] Initialized MultithreadedTaskDispatcher with 20 workers.
 -> (artifact id: 'e08810e16681d559a39bf48215afba7d') in 0.136377 seconds
Number of updated asset objects reloaded before import = 0
Number of asset objects unloaded after import = 17
========================================================================
Received Import Request.
  Time since last request: 3.106443 seconds.
  path: Assets/DownloadAssets/YughuesFreeMetalMaterials/Materials/M_YFMM_02.mat
  artifactKey: Guid(f99c2f606e487bd4ba7c619b09a10f39) Importer(815301076,1909f56bfc062723c751e8b465ee728b)
Start importing Assets/DownloadAssets/YughuesFreeMetalMaterials/Materials/M_YFMM_02.mat using Guid(f99c2f606e487bd4ba7c619b09a10f39) Importer(815301076,1909f56bfc062723c751e8b465ee728b) [PhysX] Initialized MultithreadedTaskDispatcher with 20 workers.
[PhysX] Initialized MultithreadedTaskDispatcher with 20 workers.
 -> (artifact id: 'dd608448920e2d1c461c28934cd7ca2d') in 0.413291 seconds
Number of updated asset objects reloaded before import = 0
Number of asset objects unloaded after import = 4
========================================================================
Received Import Request.
  Time since last request: 0.000029 seconds.
  path: Assets/DownloadAssets/YughuesFreeMetalMaterials/Materials/M_YFMM_14.mat
  artifactKey: Guid(6bded294da3a9cf47bdb6b9259f86b49) Importer(815301076,1909f56bfc062723c751e8b465ee728b)
Start importing Assets/DownloadAssets/YughuesFreeMetalMaterials/Materials/M_YFMM_14.mat using Guid(6bded294da3a9cf47bdb6b9259f86b49) Importer(815301076,1909f56bfc062723c751e8b465ee728b) [PhysX] Initialized MultithreadedTaskDispatcher with 20 workers.
[PhysX] Initialized MultithreadedTaskDispatcher with 20 workers.
 -> (artifact id: '360edade8cf30bd18fc7a10437efeced') in 0.025056 seconds
Number of updated asset objects reloaded before import = 0
Number of asset objects unloaded after import = 4
========================================================================
Received Import Request.
  Time since last request: 0.000060 seconds.
  path: Assets/DownloadAssets/YughuesFreeMetalMaterials/Materials/M_YFMM_12.mat
  artifactKey: Guid(d6e7475a477721949a7fa2353ffb7e32) Importer(815301076,1909f56bfc062723c751e8b465ee728b)
Start importing Assets/DownloadAssets/YughuesFreeMetalMaterials/Materials/M_YFMM_12.mat using Guid(d6e7475a477721949a7fa2353ffb7e32) Importer(815301076,1909f56bfc062723c751e8b465ee728b) [PhysX] Initialized MultithreadedTaskDispatcher with 20 workers.
[PhysX] Initialized MultithreadedTaskDispatcher with 20 workers.
 -> (artifact id: '63933c411f9b3e8e16f32dc5f0343634') in 0.182626 seconds
Number of updated asset objects reloaded before import = 0
Number of asset objects unloaded after import = 5
========================================================================
Received Import Request.
  Time since last request: 0.000030 seconds.
  path: Assets/DownloadAssets/YughuesFreeMetalMaterials/Materials/M_YFMM_13.mat
  artifactKey: Guid(0e3ad63f883b06b458c1ef2d59167313) Importer(815301076,1909f56bfc062723c751e8b465ee728b)
Start importing Assets/DownloadAssets/YughuesFreeMetalMaterials/Materials/M_YFMM_13.mat using Guid(0e3ad63f883b06b458c1ef2d59167313) Importer(815301076,1909f56bfc062723c751e8b465ee728b) [PhysX] Initialized MultithreadedTaskDispatcher with 20 workers.
[PhysX] Initialized MultithreadedTaskDispatcher with 20 workers.
 -> (artifact id: '20f91da9a40be78b4b820fa8c5567fcd') in 0.034169 seconds
Number of updated asset objects reloaded before import = 0
Number of asset objects unloaded after import = 4
========================================================================
Received Import Request.
  Time since last request: 0.000049 seconds.
  path: Assets/DownloadAssets/YughuesFreeMetalMaterials/Materials/M_YFMM_07.mat
  artifactKey: Guid(579d167621596b0419dc2ebf58efe561) Importer(815301076,1909f56bfc062723c751e8b465ee728b)
Start importing Assets/DownloadAssets/YughuesFreeMetalMaterials/Materials/M_YFMM_07.mat using Guid(579d167621596b0419dc2ebf58efe561) Importer(815301076,1909f56bfc062723c751e8b465ee728b) [PhysX] Initialized MultithreadedTaskDispatcher with 20 workers.
[PhysX] Initialized MultithreadedTaskDispatcher with 20 workers.
 -> (artifact id: '0ec08a7eaa1bd9291b5d8722b0df9919') in 0.022188 seconds
Number of updated asset objects reloaded before import = 0
Number of asset objects unloaded after import = 4
========================================================================
Received Import Request.
  Time since last request: 1.395322 seconds.
  path: Assets/DownloadAssets/YughuesFreeMetalMaterials/Materials/M_YFMM_16.mat
  artifactKey: Guid(54eb0a880c35ecd4fa56b3b6c33e8aaa) Importer(815301076,1909f56bfc062723c751e8b465ee728b)
Start importing Assets/DownloadAssets/YughuesFreeMetalMaterials/Materials/M_YFMM_16.mat using Guid(54eb0a880c35ecd4fa56b3b6c33e8aaa) Importer(815301076,1909f56bfc062723c751e8b465ee728b) [PhysX] Initialized MultithreadedTaskDispatcher with 20 workers.
[PhysX] Initialized MultithreadedTaskDispatcher with 20 workers.
 -> (artifact id: '972e7fe9da0ab92f8370d9f5879ba7ab') in 0.026361 seconds
Number of updated asset objects reloaded before import = 0
Number of asset objects unloaded after import = 5
========================================================================
Received Import Request.
  Time since last request: 0.458498 seconds.
  path: Assets/DownloadAssets/YughuesFreeMetalMaterials/Materials/M_YFMM_18.mat
  artifactKey: Guid(f9d3d0adb0578be45993c6728d3cc2dc) Importer(815301076,1909f56bfc062723c751e8b465ee728b)
Start importing Assets/DownloadAssets/YughuesFreeMetalMaterials/Materials/M_YFMM_18.mat using Guid(f9d3d0adb0578be45993c6728d3cc2dc) Importer(815301076,1909f56bfc062723c751e8b465ee728b) [PhysX] Initialized MultithreadedTaskDispatcher with 20 workers.
[PhysX] Initialized MultithreadedTaskDispatcher with 20 workers.
 -> (artifact id: 'f2af32b21c7700158ef832b5c7a64ddd') in 0.028005 seconds
Number of updated asset objects reloaded before import = 0
Number of asset objects unloaded after import = 4
========================================================================
Received Import Request.
  Time since last request: 0.474113 seconds.
  path: Assets/DownloadAssets/YughuesFreeMetalMaterials/Materials/M_YFMM_22.mat
  artifactKey: Guid(ad7d3ed0319816940bbf70e52f46866d) Importer(815301076,1909f56bfc062723c751e8b465ee728b)
Start importing Assets/DownloadAssets/YughuesFreeMetalMaterials/Materials/M_YFMM_22.mat using Guid(ad7d3ed0319816940bbf70e52f46866d) Importer(815301076,1909f56bfc062723c751e8b465ee728b) [PhysX] Initialized MultithreadedTaskDispatcher with 20 workers.
[PhysX] Initialized MultithreadedTaskDispatcher with 20 workers.
 -> (artifact id: '2e43f40c69da075cd8ae1590172ceb48') in 0.027713 seconds
Number of updated asset objects reloaded before import = 0
Number of asset objects unloaded after import = 4
========================================================================
Received Import Request.
  Time since last request: 0.031464 seconds.
  path: Assets/DownloadAssets/YughuesFreeMetalMaterials/Materials/M_YFMM_24.mat
  artifactKey: Guid(af089ba3f236b004fb2bb64119f294d8) Importer(815301076,1909f56bfc062723c751e8b465ee728b)
Start importing Assets/DownloadAssets/YughuesFreeMetalMaterials/Materials/M_YFMM_24.mat using Guid(af089ba3f236b004fb2bb64119f294d8) Importer(815301076,1909f56bfc062723c751e8b465ee728b) [PhysX] Initialized MultithreadedTaskDispatcher with 20 workers.
[PhysX] Initialized MultithreadedTaskDispatcher with 20 workers.
 -> (artifact id: '4dbe5759f0e51e9d45de080fe103cde9') in 0.359942 seconds
Number of updated asset objects reloaded before import = 0
Number of asset objects unloaded after import = 4
========================================================================
Received Import Request.
  Time since last request: 0.229353 seconds.
  path: Assets/DownloadAssets/YughuesFreeMetalMaterials/Materials/M_YFMM_26.mat
  artifactKey: Guid(d114cde0600508c4f9eed72b935654e6) Importer(815301076,1909f56bfc062723c751e8b465ee728b)
Start importing Assets/DownloadAssets/YughuesFreeMetalMaterials/Materials/M_YFMM_26.mat using Guid(d114cde0600508c4f9eed72b935654e6) Importer(815301076,1909f56bfc062723c751e8b465ee728b) [PhysX] Initialized MultithreadedTaskDispatcher with 20 workers.
[PhysX] Initialized MultithreadedTaskDispatcher with 20 workers.
 -> (artifact id: 'e3689d2a693172a17e15d20c3cd3772d') in 0.025416 seconds
Number of updated asset objects reloaded before import = 0
Number of asset objects unloaded after import = 4
========================================================================
Received Import Request.
  Time since last request: 0.024611 seconds.
  path: Assets/DownloadAssets/YughuesFreeMetalMaterials/Materials/M_YFMM_28.mat
  artifactKey: Guid(b80b25c8f396f7a41bcb9d182502dbf3) Importer(815301076,1909f56bfc062723c751e8b465ee728b)
Start importing Assets/DownloadAssets/YughuesFreeMetalMaterials/Materials/M_YFMM_28.mat using Guid(b80b25c8f396f7a41bcb9d182502dbf3) Importer(815301076,1909f56bfc062723c751e8b465ee728b) [PhysX] Initialized MultithreadedTaskDispatcher with 20 workers.
[PhysX] Initialized MultithreadedTaskDispatcher with 20 workers.
 -> (artifact id: '66ea432d91c43d0627f52ec017321840') in 0.023398 seconds
Number of updated asset objects reloaded before import = 0
Number of asset objects unloaded after import = 4
========================================================================
Received Import Request.
  Time since last request: 0.004838 seconds.
  path: Assets/DownloadAssets/YughuesFreeMetalMaterials/Materials/M_YFMM_30.mat
  artifactKey: Guid(a6d73f9e47bd28d438e0eaa89328614f) Importer(815301076,1909f56bfc062723c751e8b465ee728b)
Start importing Assets/DownloadAssets/YughuesFreeMetalMaterials/Materials/M_YFMM_30.mat using Guid(a6d73f9e47bd28d438e0eaa89328614f) Importer(815301076,1909f56bfc062723c751e8b465ee728b) [PhysX] Initialized MultithreadedTaskDispatcher with 20 workers.
[PhysX] Initialized MultithreadedTaskDispatcher with 20 workers.
 -> (artifact id: 'f5f2d9c305d152a55a19b358812d1e55') in 0.022396 seconds
Number of updated asset objects reloaded before import = 0
Number of asset objects unloaded after import = 4
========================================================================
Received Import Request.
  Time since last request: 0.585777 seconds.
  path: Assets/DownloadAssets/YughuesFreeMetalMaterials/Materials/M_YFMM_32.mat
  artifactKey: Guid(808e5bc0f76962c459361fe60e2d29ec) Importer(815301076,1909f56bfc062723c751e8b465ee728b)
Start importing Assets/DownloadAssets/YughuesFreeMetalMaterials/Materials/M_YFMM_32.mat using Guid(808e5bc0f76962c459361fe60e2d29ec) Importer(815301076,1909f56bfc062723c751e8b465ee728b) [PhysX] Initialized MultithreadedTaskDispatcher with 20 workers.
[PhysX] Initialized MultithreadedTaskDispatcher with 20 workers.
 -> (artifact id: '6ef254b39e87ede8161ad0b9dd3e33e2') in 0.023617 seconds
Number of updated asset objects reloaded before import = 0
Number of asset objects unloaded after import = 4
========================================================================
Received Import Request.
  Time since last request: 18.079348 seconds.
  path: Assets/DownloadAssets/YughuesFreeMetalMaterials/Materials/M_YFMM_34.mat
  artifactKey: Guid(4a2abd4f67aefc24b9c6cca2d197adc7) Importer(815301076,1909f56bfc062723c751e8b465ee728b)
Start importing Assets/DownloadAssets/YughuesFreeMetalMaterials/Materials/M_YFMM_34.mat using Guid(4a2abd4f67aefc24b9c6cca2d197adc7) Importer(815301076,1909f56bfc062723c751e8b465ee728b) [PhysX] Initialized MultithreadedTaskDispatcher with 20 workers.
[PhysX] Initialized MultithreadedTaskDispatcher with 20 workers.
 -> (artifact id: '4ab8b474451a67af9adb4e0aa5229513') in 0.026796 seconds
Number of updated asset objects reloaded before import = 0
Number of asset objects unloaded after import = 4
========================================================================
Received Import Request.
  Time since last request: 0.051459 seconds.
  path: Assets/DownloadAssets/YughuesFreeMetalMaterials/Materials/M_YFMM_36.mat
  artifactKey: Guid(9b8a78dbb8e688e468daf2da07cf93b6) Importer(815301076,1909f56bfc062723c751e8b465ee728b)
Start importing Assets/DownloadAssets/YughuesFreeMetalMaterials/Materials/M_YFMM_36.mat using Guid(9b8a78dbb8e688e468daf2da07cf93b6) Importer(815301076,1909f56bfc062723c751e8b465ee728b) [PhysX] Initialized MultithreadedTaskDispatcher with 20 workers.
[PhysX] Initialized MultithreadedTaskDispatcher with 20 workers.
 -> (artifact id: '1502f8fec7a24b690b34409848f2680c') in 0.037223 seconds
Number of updated asset objects reloaded before import = 0
Number of asset objects unloaded after import = 4
========================================================================
Received Import Request.
  Time since last request: 0.322272 seconds.
  path: Assets/DownloadAssets/YughuesFreeMetalMaterials/Materials/M_YFMM_38.mat
  artifactKey: Guid(4609707953676524ca8dbe489a6ced95) Importer(815301076,1909f56bfc062723c751e8b465ee728b)
Start importing Assets/DownloadAssets/YughuesFreeMetalMaterials/Materials/M_YFMM_38.mat using Guid(4609707953676524ca8dbe489a6ced95) Importer(815301076,1909f56bfc062723c751e8b465ee728b) [PhysX] Initialized MultithreadedTaskDispatcher with 20 workers.
[PhysX] Initialized MultithreadedTaskDispatcher with 20 workers.
 -> (artifact id: 'ccf27559d03ae55febe20621221fa43a') in 0.024052 seconds
Number of updated asset objects reloaded before import = 0
Number of asset objects unloaded after import = 4
========================================================================
Received Import Request.
  Time since last request: 0.040571 seconds.
  path: Assets/DownloadAssets/YughuesFreeMetalMaterials/Materials/M_YFMM_40.mat
  artifactKey: Guid(4aac98aef254ecf429643db51adb8f72) Importer(815301076,1909f56bfc062723c751e8b465ee728b)
Start importing Assets/DownloadAssets/YughuesFreeMetalMaterials/Materials/M_YFMM_40.mat using Guid(4aac98aef254ecf429643db51adb8f72) Importer(815301076,1909f56bfc062723c751e8b465ee728b) [PhysX] Initialized MultithreadedTaskDispatcher with 20 workers.
[PhysX] Initialized MultithreadedTaskDispatcher with 20 workers.
 -> (artifact id: 'ddbd3b5f3795bf3ddc36a810d6f8dc80') in 0.023764 seconds
Number of updated asset objects reloaded before import = 0
Number of asset objects unloaded after import = 4
========================================================================
Received Import Request.
  Time since last request: 0.350112 seconds.
  path: Assets/DownloadAssets/YughuesFreeMetalMaterials/Materials/M_YFMM_42.mat
  artifactKey: Guid(9ee5736c74580c341822a916611ab4f8) Importer(815301076,1909f56bfc062723c751e8b465ee728b)
Start importing Assets/DownloadAssets/YughuesFreeMetalMaterials/Materials/M_YFMM_42.mat using Guid(9ee5736c74580c341822a916611ab4f8) Importer(815301076,1909f56bfc062723c751e8b465ee728b) [PhysX] Initialized MultithreadedTaskDispatcher with 20 workers.
[PhysX] Initialized MultithreadedTaskDispatcher with 20 workers.
 -> (artifact id: 'ec36ae2a82365d5ccd4a3ee7e091fd46') in 0.023715 seconds
Number of updated asset objects reloaded before import = 0
Number of asset objects unloaded after import = 4
========================================================================
Received Import Request.
  Time since last request: 0.027970 seconds.
  path: Assets/DownloadAssets/YughuesFreeMetalMaterials/Materials/M_YFMM_44.mat
  artifactKey: Guid(6c196c7188cb7314cb4fc62a41ccad77) Importer(815301076,1909f56bfc062723c751e8b465ee728b)
Start importing Assets/DownloadAssets/YughuesFreeMetalMaterials/Materials/M_YFMM_44.mat using Guid(6c196c7188cb7314cb4fc62a41ccad77) Importer(815301076,1909f56bfc062723c751e8b465ee728b) [PhysX] Initialized MultithreadedTaskDispatcher with 20 workers.
[PhysX] Initialized MultithreadedTaskDispatcher with 20 workers.
 -> (artifact id: '34e987179684fe1988bb61e578813b71') in 0.021893 seconds
Number of updated asset objects reloaded before import = 0
Number of asset objects unloaded after import = 4
Editor requested this worker to shutdown with reason: Scaling down because of idle timeout
TcpMessagingSession - receive error: operation aborted. errorcode: 995, details: 스레드 종료 또는 응용 프로그램 요청 때문에 I/O 작업이 취소되었습니다.
AssetImportWorker is now disconnected from the server
Process exiting
Exiting without the bug reporter. Application will terminate with return code 0